
*** Running ngdbuild
    with args -intstyle ise -p xc6slx9tqg144-2 -dd _ngo -uc mojo_top_0.ucf mojo_top_0.edf


Command Line: /opt/Xilinx/14.7/ISE_DS/ISE/bin/lin64/unwrapped/ngdbuild -intstyle
ise -p xc6slx9tqg144-2 -dd _ngo -uc mojo_top_0.ucf mojo_top_0.edf

Executing edif2ngd -quiet "mojo_top_0.edf" "_ngo/mojo_top_0.ngo"
Release 14.7 - edif2ngd P.20131013 (lin64)
Copyright (c) 1995-2013 Xilinx, Inc.  All rights reserved.
Reading NGO file
"/home/adam/MICRO/Programming/Verilog/temp/work/planAhead/temp/temp.runs/impl_1/
_ngo/mojo_top_0.ngo" ...
Gathering constraint information from source properties...
Done.

Annotating constraints to design from ucf file "mojo_top_0.ucf" ...
Resolving constraint associations...
Checking Constraint Associations...
Done...

Checking expanded design ...

Partition Implementation Status
-------------------------------

  No Partitions were found in this design.

-------------------------------

NGDBUILD Design Results Summary:
  Number of errors:     0
  Number of warnings:   0

Writing NGD file "mojo_top_0.ngd" ...
Total REAL time to NGDBUILD completion:  6 sec
Total CPU time to NGDBUILD completion:   2 sec

Writing NGDBUILD log file "mojo_top_0.bld"...

NGDBUILD done.

*** Running map
    with args -intstyle pa -w -pr b -mt on mojo_top_0.ngd

Using target part "6slx9tqg144-2".
INFO:Map:284 - Map is running with the multi-threading option on. Map currently
   supports the use of up to 2 processors. Based on the the user options and
   machine load, Map will use 2 processors during this run.
Mapping design into LUTs...
WARNING:MapLib:701 - Signal spi_channel[3] connected to top level port
   spi_channel(3) has been removed.
WARNING:MapLib:701 - Signal spi_channel[2] connected to top level port
   spi_channel(2) has been removed.
WARNING:MapLib:701 - Signal spi_channel[1] connected to top level port
   spi_channel(1) has been removed.
WARNING:MapLib:701 - Signal spi_channel[0] connected to top level port
   spi_channel(0) has been removed.
WARNING:MapLib:701 - Signal spi_miso connected to top level port spi_miso has
   been removed.
WARNING:MapLib:701 - Signal avr_rx connected to top level port avr_rx has been
   removed.
Running directed packing...
Running delay-based LUT packing...
Updating timing models...
INFO:Map:215 - The Interim Design Summary has been generated in the MAP Report
   (.mrp).
Running timing-driven placement...
Total REAL time at the beginning of Placer: 3 secs 
Total CPU  time at the beginning of Placer: 3 secs 

Phase 1.1  Initial Placement Analysis
Phase 1.1  Initial Placement Analysis (Checksum:9a91ad7f) REAL time: 4 secs 

Phase 2.7  Design Feasibility Check
Phase 2.7  Design Feasibility Check (Checksum:9a91ad7f) REAL time: 4 secs 

Phase 3.31  Local Placement Optimization
Phase 3.31  Local Placement Optimization (Checksum:9a91ad7f) REAL time: 4 secs 

Phase 4.2  Initial Placement for Architecture Specific Features
Phase 4.2  Initial Placement for Architecture Specific Features
(Checksum:9a91ad7f) REAL time: 4 secs 

Phase 5.36  Local Placement Optimization
Phase 5.36  Local Placement Optimization (Checksum:9a91ad7f) REAL time: 4 secs 

Phase 6.30  Global Clock Region Assignment
Phase 6.30  Global Clock Region Assignment (Checksum:9a91ad7f) REAL time: 4 secs 

Phase 7.3  Local Placement Optimization
Phase 7.3  Local Placement Optimization (Checksum:9a91ad7f) REAL time: 4 secs 

Phase 8.5  Local Placement Optimization
Phase 8.5  Local Placement Optimization (Checksum:9a91ad7f) REAL time: 4 secs 

Phase 9.8  Global Placement
Phase 9.8  Global Placement (Checksum:9a91ad7f) REAL time: 4 secs 

Phase 10.5  Local Placement Optimization
Phase 10.5  Local Placement Optimization (Checksum:9a91ad7f) REAL time: 4 secs 

Phase 11.18  Placement Optimization
Phase 11.18  Placement Optimization (Checksum:9a91ad7f) REAL time: 4 secs 

Phase 12.5  Local Placement Optimization
Phase 12.5  Local Placement Optimization (Checksum:9a91ad7f) REAL time: 4 secs 

Phase 13.34  Placement Validation
Phase 13.34  Placement Validation (Checksum:9a91ad7f) REAL time: 4 secs 

Total REAL time to Placer completion: 4 secs 
Total CPU  time to Placer completion: 4 secs 
Running post-placement packing...
Writing output files...

Design Summary:
Number of errors:      0
Number of warnings:    6
Slice Logic Utilization:
  Number of Slice Registers:                     0 out of  11,440    0%
  Number of Slice LUTs:                          0 out of   5,720    0%

Slice Logic Distribution:
  Number of occupied Slices:                     0 out of   1,430    0%
  Number of MUXCYs used:                         0 out of   2,860    0%
  Number of LUT Flip Flop pairs used:            0

IO Utilization:
  Number of bonded IOBs:                        16 out of     102   15%
    Number of LOCed IOBs:                       16 out of      16  100%

Specific Feature Utilization:
  Number of RAMB16BWERs:                         0 out of      32    0%
  Number of RAMB8BWERs:                          0 out of      64    0%
  Number of BUFIO2/BUFIO2_2CLKs:                 0 out of      32    0%
  Number of BUFIO2FB/BUFIO2FB_2CLKs:             0 out of      32    0%
  Number of BUFG/BUFGMUXs:                       0 out of      16    0%
  Number of DCM/DCM_CLKGENs:                     0 out of       4    0%
  Number of ILOGIC2/ISERDES2s:                   0 out of     200    0%
  Number of IODELAY2/IODRP2/IODRP2_MCBs:         0 out of     200    0%
  Number of OLOGIC2/OSERDES2s:                   0 out of     200    0%
  Number of BSCANs:                              0 out of       4    0%
  Number of BUFHs:                               0 out of     128    0%
  Number of BUFPLLs:                             0 out of       8    0%
  Number of BUFPLL_MCBs:                         0 out of       4    0%
  Number of DSP48A1s:                            0 out of      16    0%
  Number of ICAPs:                               0 out of       1    0%
  Number of MCBs:                                0 out of       2    0%
  Number of PCILOGICSEs:                         0 out of       2    0%
  Number of PLL_ADVs:                            0 out of       2    0%
  Number of PMVs:                                0 out of       1    0%
  Number of STARTUPs:                            0 out of       1    0%
  Number of SUSPEND_SYNCs:                       0 out of       1    0%

Average Fanout of Non-Clock Nets:                0.00

Peak Memory Usage:  732 MB
Total REAL time to MAP completion:  4 secs 
Total CPU time to MAP completion (all processors):   4 secs 

Mapping completed.
See MAP report file "mojo_top_0.mrp" for details.

*** Running par
    with args -intstyle pa mojo_top_0.ncd -w mojo_top_0_routed.ncd -mt on




Constraints file: mojo_top_0.pcf.
ERROR:Pds:77 - Can not create file mojo_top_0_routed.ncd
ERROR: Pds exception in PahDesignLoader:
EXCEPTION:Pds:Pds_PahDesignLoader.c:163:1.4 - The file 'mojo_top_0_routed.ncd' has invalid file access modes for the
   attempted operation.
FATAL_ERROR:Par:baspwpar.c:3938:1.467 - Par has discovered an exceptional condition while trying to load the design
   mojo_top_0.ncd - from which it cannot recover

     For technical support on this issue, please visit http://www.xilinx.com/support.

*** Running trce
    with args -intstyle ise -o mojo_top_0.twr -v 30 -l 30 mojo_top_0_routed.ncd mojo_top_0.pcf

Loading device for application Rf_Device from file '6slx9.nph' in environment
/opt/Xilinx/14.7/ISE_DS/ISE/.
   "mojo_top_0" is an NCD, version 3.2, device xc6slx9, package tqg144, speed -2

Analysis completed Wed Dec  5 15:00:08 2018
--------------------------------------------------------------------------------

Generating Report ...

Number of warnings: 0
Total time: 2 secs 

*** Running xdl
    with args -secure -ncd2xdl -nopips mojo_top_0_routed.ncd mojo_top_0_routed.xdl

Release 14.7 - xdl P.20131013 (lin64)
Copyright (c) 1995-2013 Xilinx, Inc.  All rights reserved.

WARNING:XDL:213 - The resulting xdl output will not have LUT equation strings or RAM INIT strings.
Loading device for application Rf_Device from file '6slx9.nph' in environment /opt/Xilinx/14.7/ISE_DS/ISE/.
   "mojo_top_0" is an NCD, version 3.2, device xc6slx9, package tqg144, speed -2
Successfully converted design 'mojo_top_0_routed.ncd' to 'mojo_top_0_routed.xdl'.

*** Running bitgen
    with args mojo_top_0_routed.ncd mojo_top_0.bit mojo_top_0.pcf -g Binary:Yes -g Compress -w -intstyle pa

ERROR:PhysDesignRules:10 - The network <GLOBAL_LOGIC0> is completely unrouted.
ERROR:Bitgen:25 - DRC detected 1 errors and 0 warnings.  Please see the
   previously displayed individual error or warning messages for more details.
